[01m[K/home/user/catkin_ws/src/topic_quiz_1/src/move_robot.cpp:[m[K In member function '[01m[Kvoid wall_avoidance::move_robot()[m[K':
[01m[K/home/user/catkin_ws/src/topic_quiz_1/src/move_robot.cpp:40:5:[m[K [01;31m[Kerror: [m[K'[01m[KROS[m[K' was not declared in this scope
   40 |     [01;31m[KROS[m[K-INFO("Moving Begins");
      |     [01;31m[K^~~[m[K
[01m[K/home/user/catkin_ws/src/topic_quiz_1/src/move_robot.cpp:40:9:[m[K [01;31m[Kerror: [m[K'[01m[KINFO[m[K' was not declared in this scope
   40 |     ROS-[01;31m[KINFO[m[K("Moving Begins");
      |         [01;31m[K^~~~[m[K
make[2]: *** [CMakeFiles/move_robot.dir/build.make:63: CMakeFiles/move_robot.dir/src/move_robot.cpp.o] Error 1
make[1]: *** [CMakeFiles/Makefile2:169: CMakeFiles/move_robot.dir/all] Error 2
make: *** [Makefile:141: all] Error 2
