[01m[K/home/user/catkin_ws/src/topic_quiz_1/src/move_robot.cpp:1:2:[m[K [01;35m[Kwarning: [m[K#import is a deprecated GCC extension [[01;35m[K-Wdeprecated[m[K]
    1 | #[01;35m[Kimport[m[K <ros/ros.h>
      |  [01;35m[K^~~~~~[m[K
[01m[K/home/user/catkin_ws/src/topic_quiz_1/src/move_robot.cpp:2:2:[m[K [01;35m[Kwarning: [m[K#import is a deprecated GCC extension [[01;35m[K-Wdeprecated[m[K]
    2 | #[01;35m[Kimport[m[K <std_msgs/Int32.h>
      |  [01;35m[K^~~~~~[m[K
[01m[K/home/user/catkin_ws/src/topic_quiz_1/src/move_robot.cpp:[m[K In constructor '[01m[Kwall_avoidance::wall_avoidance()[m[K':
[01m[K/home/user/catkin_ws/src/topic_quiz_1/src/move_robot.cpp:19:53:[m[K [01;31m[Kerror: [m[K'[01m[Kgeometry[m[K' was not declared in this scope; did you mean '[01m[Kgeometry_msgs[m[K'?
   19 |             robot_publisher = node_handle.advertise<[01;31m[Kgeometry[m[K::Twist>("/cmd_vel", 1000);
      |                                                     [01;31m[K^~~~~~~~[m[K
      |                                                     [32m[Kgeometry_msgs[m[K
[01m[K/home/user/catkin_ws/src/topic_quiz_1/src/move_robot.cpp:19:43:[m[K [01;31m[Kerror: [m[Kparse error in template argument list
   19 |             robot_publisher = node_handle.[01;31m[Kadvertise<geometry::Twist>[m[K("/cmd_vel", 1000);
      |                                           [01;31m[K^~~~~~~~~~~~~~~~~~~~~~~~~~[m[K
[01m[K/home/user/catkin_ws/src/topic_quiz_1/src/move_robot.cpp:19:86:[m[K [01;31m[Kerror: [m[Kno matching function for call to '[01m[Kros::NodeHandle::advertise<<expression error> >(const char [9], int)[m[K'
   19 |             robot_publisher = node_handle.advertise<geometry::Twist>("/cmd_vel", 1000[01;31m[K)[m[K;
      |                                                                                      [01;31m[K^[m[K
In file included from [01m[K/opt/ros/noetic/include/ros/ros.h:45[m[K,
                 from [01m[K/home/user/catkin_ws/src/topic_quiz_1/src/move_robot.cpp:1[m[K:
[01m[K/opt/ros/noetic/include/ros/node_handle.h:249:15:[m[K [01;36m[Knote: [m[Kcandidate: '[01m[Ktemplate<class M> ros::Publisher ros::NodeHandle::advertise(const string&, uint32_t, bool)[m[K'
  249 |     Publisher [01;36m[Kadvertise[m[K(const std::string& topic, uint32_t queue_size, bool latch = false)
      |               [01;36m[K^~~~~~~~~[m[K
[01m[K/opt/ros/noetic/include/ros/node_handle.h:249:15:[m[K [01;36m[Knote: [m[K  template argument deduction/substitution failed:
[01m[K/home/user/catkin_ws/src/topic_quiz_1/src/move_robot.cpp:19:86:[m[K [01;31m[Kerror: [m[Ktemplate argument 1 is invalid
   19 |             robot_publisher = node_handle.advertise<geometry::Twist>("/cmd_vel", 1000[01;31m[K)[m[K;
      |                                                                                      [01;31m[K^[m[K
In file included from [01m[K/opt/ros/noetic/include/ros/ros.h:45[m[K,
                 from [01m[K/home/user/catkin_ws/src/topic_quiz_1/src/move_robot.cpp:1[m[K:
[01m[K/opt/ros/noetic/include/ros/node_handle.h:315:13:[m[K [01;36m[Knote: [m[Kcandidate: '[01m[Ktemplate<class M> ros::Publisher ros::NodeHandle::advertise(const string&, uint32_t, const SubscriberStatusCallback&, const SubscriberStatusCallback&, const VoidConstPtr&, bool)[m[K'
  315 |   Publisher [01;36m[Kadvertise[m[K(const std::string& topic, uint32_t queue_size,
      |             [01;36m[K^~~~~~~~~[m[K
[01m[K/opt/ros/noetic/include/ros/node_handle.h:315:13:[m[K [01;36m[Knote: [m[K  template argument deduction/substitution failed:
[01m[K/home/user/catkin_ws/src/topic_quiz_1/src/move_robot.cpp:19:86:[m[K [01;31m[Kerror: [m[Ktemplate argument 1 is invalid
   19 |             robot_publisher = node_handle.advertise<geometry::Twist>("/cmd_vel", 1000[01;31m[K)[m[K;
      |                                                                                      [01;31m[K^[m[K
[01m[K/home/user/catkin_ws/src/topic_quiz_1/src/move_robot.cpp:20:44:[m[K [01;31m[Kerror: [m[K'[01m[Kclass ros::NodeHandle[m[K' has no member named '[01m[Ksubcribe[m[K'; did you mean '[01m[Ksubscribe[m[K'?
   20 |             robot_subscriber = node_handle.[01;31m[Ksubcribe[m[K("/kobuki/laser/scan",1000, &wall_avoidance::move_robot_callback,this);
      |                                            [01;31m[K^~~~~~~~[m[K
      |                                            [32m[Ksubscribe[m[K
[01m[K/home/user/catkin_ws/src/topic_quiz_1/src/move_robot.cpp:[m[K In member function '[01m[Kvoid wall_avoidance::move_robot_callback(const ConstPtr&)[m[K':
[01m[K/home/user/catkin_ws/src/topic_quiz_1/src/move_robot.cpp:27:21:[m[K [01;31m[Kerror: [m[K'[01m[KROSINFO[m[K' was not declared in this scope; did you mean '[01m[KROS_INFO[m[K'?
   27 |                     [01;31m[KROSINFO[m[K("Laser Data %f", message->ranges[i]);
      |                     [01;31m[K^~~~~~~[m[K
      |                     [32m[KROS_INFO[m[K
[01m[K/home/user/catkin_ws/src/topic_quiz_1/src/move_robot.cpp:30:21:[m[K [01;31m[Kerror: [m[K'[01m[KROSINFO[m[K' was not declared in this scope; did you mean '[01m[KROS_INFO[m[K'?
   30 |                     [01;31m[KROSINFO[m[K("NO VALUE");
      |                     [01;31m[K^~~~~~~[m[K
      |                     [32m[KROS_INFO[m[K
[01m[K/home/user/catkin_ws/src/topic_quiz_1/src/move_robot.cpp:[m[K In member function '[01m[Kvoid wall_avoidance::move_robot()[m[K':
[01m[K/home/user/catkin_ws/src/topic_quiz_1/src/move_robot.cpp:45:35:[m[K [01;31m[Kerror: [m[Kexpected '[01m[K;[m[K' before '[01m[Krobot_publisher[m[K'
   45 |             twist_val.linear.x = 0
      |                                   [01;31m[K^[m[K
      |                                   [32m[K;[m[K
   46 |             [32m[Krobot_publisher[m[K.publish(twist_val);
      |             [32m[K~~~~~~~~~~~~~~~[m[K        
make[2]: *** [CMakeFiles/move_robot.dir/build.make:63: CMakeFiles/move_robot.dir/src/move_robot.cpp.o] Error 1
make[1]: *** [CMakeFiles/Makefile2:169: CMakeFiles/move_robot.dir/all] Error 2
make: *** [Makefile:141: all] Error 2
