[01m[K/home/user/catkin_ws/src/topic_publisher_subscriber/src/subscriber_program.cpp:4:28:[m[K [01;31m[Kerror: [m[K'[01m[Kstf_msgs[m[K' does not name a type; did you mean '[01m[Kstd_msgs[m[K'?
    4 | void counterCallback(const [01;31m[Kstf_msgs[m[K::Int32::ConstPtr& message){
      |                            [01;31m[K^~~~~~~~[m[K
      |                            [32m[Kstd_msgs[m[K
[01m[K/home/user/catkin_ws/src/topic_publisher_subscriber/src/subscriber_program.cpp:4:43:[m[K [01;31m[Kerror: [m[Kexpected unqualified-id before '[01m[K::[m[K' token
    4 | void counterCallback(const stf_msgs::Int32[01;31m[K::[m[KConstPtr& message){
      |                                           [01;31m[K^~[m[K
[01m[K/home/user/catkin_ws/src/topic_publisher_subscriber/src/subscriber_program.cpp:4:43:[m[K [01;31m[Kerror: [m[Kexpected '[01m[K)[m[K' before '[01m[K::[m[K' token
    4 | void counterCallback[34m[K([m[Kconst stf_msgs::Int32[01;31m[K:[m[K[32m[K:[m[KConstPtr& message){
      |                     [34m[K~[m[K                     [01;31m[K^[m[K[32m[K~[m[K
      |                                           [32m[K)[m[K
[01m[K/home/user/catkin_ws/src/topic_publisher_subscriber/src/subscriber_program.cpp:4:43:[m[K [01;31m[Kerror: [m[Kexpected initializer before '[01m[K::[m[K' token
    4 | void counterCallback(const stf_msgs::Int32[01;31m[K::[m[KConstPtr& message){
      |                                           [01;31m[K^~[m[K
[01m[K/home/user/catkin_ws/src/topic_publisher_subscriber/src/subscriber_program.cpp:[m[K In function '[01m[Kint main(int, char**)[m[K':
[01m[K/home/user/catkin_ws/src/topic_publisher_subscriber/src/subscriber_program.cpp:12:30:[m[K [01;31m[Kerror: [m[K'[01m[Kclass ros::NodeHandle[m[K' has no member named '[01m[KSubscriber[m[K'; did you mean '[01m[Ksubscribe[m[K'?
   12 |     ros::Subscriber sub = nh.[01;31m[KSubscriber[m[K("counter", 1000, counterCallback);
      |                              [01;31m[K^~~~~~~~~~[m[K
      |                              [32m[Ksubscribe[m[K
[01m[K/home/user/catkin_ws/src/topic_publisher_subscriber/src/subscriber_program.cpp:12:58:[m[K [01;31m[Kerror: [m[K'[01m[KcounterCallback[m[K' was not declared in this scope
   12 |     ros::Subscriber sub = nh.Subscriber("counter", 1000, [01;31m[KcounterCallback[m[K);
      |                                                          [01;31m[K^~~~~~~~~~~~~~~[m[K
make[2]: *** [CMakeFiles/subscriber_program.dir/build.make:63: CMakeFiles/subscriber_program.dir/src/subscriber_program.cpp.o] Error 1
make[1]: *** [CMakeFiles/Makefile2:304: CMakeFiles/subscriber_program.dir/all] Error 2
make: *** [Makefile:141: all] Error 2
